<?xml version="1.0" encoding="UTF-8"?>
<testsuite xmlns:xsi="http://www.w3.org/2001/XMLSchema-instance" xsi:noNamespaceSchemaLocation="https://maven.apache.org/surefire/maven-surefire-plugin/xsd/surefire-test-report.xsd" name="StoreTests.StoreServiceTests" time="0.01" tests="6" errors="4" skipped="0" failures="2">
  <properties>
    <property name="java.specification.version" value="19"/>
    <property name="sun.jnu.encoding" value="UTF-8"/>
    <property name="java.class.path" value="/root/Sadna/Gamazon/target/test-classes:/root/Sadna/Gamazon/target/classes:/root/.m2/repository/org/mockito/mockito-junit-jupiter/5.5.0/mockito-junit-jupiter-5.5.0.jar:/root/.m2/repository/org/junit/jupiter/junit-jupiter-api/5.10.0/junit-jupiter-api-5.10.0.jar:/root/.m2/repository/org/opentest4j/opentest4j/1.3.0/opentest4j-1.3.0.jar:/root/.m2/repository/org/junit/platform/junit-platform-commons/1.10.0/junit-platform-commons-1.10.0.jar:/root/.m2/repository/org/apiguardian/apiguardian-api/1.1.2/apiguardian-api-1.1.2.jar:/root/.m2/repository/junit/junit/4.11/junit-4.11.jar:/root/.m2/repository/org/hamcrest/hamcrest-core/1.3/hamcrest-core-1.3.jar:/root/.m2/repository/org/mockito/mockito-core/3.12.4/mockito-core-3.12.4.jar:/root/.m2/repository/net/bytebuddy/byte-buddy/1.11.13/byte-buddy-1.11.13.jar:/root/.m2/repository/net/bytebuddy/byte-buddy-agent/1.11.13/byte-buddy-agent-1.11.13.jar:/root/.m2/repository/org/objenesis/objenesis/3.2/objenesis-3.2.jar:/root/.m2/repository/io/jsonwebtoken/jjwt-api/0.11.5/jjwt-api-0.11.5.jar:/root/.m2/repository/io/jsonwebtoken/jjwt-impl/0.11.5/jjwt-impl-0.11.5.jar:/root/.m2/repository/io/jsonwebtoken/jjwt-jackson/0.11.5/jjwt-jackson-0.11.5.jar:/root/.m2/repository/com/fasterxml/jackson/core/jackson-databind/2.12.6.1/jackson-databind-2.12.6.1.jar:/root/.m2/repository/com/fasterxml/jackson/core/jackson-annotations/2.12.6/jackson-annotations-2.12.6.jar:/root/.m2/repository/com/fasterxml/jackson/core/jackson-core/2.12.6/jackson-core-2.12.6.jar:/root/.m2/repository/org/springframework/boot/spring-boot-starter/3.1.4/spring-boot-starter-3.1.4.jar:/root/.m2/repository/org/springframework/boot/spring-boot/3.1.4/spring-boot-3.1.4.jar:/root/.m2/repository/org/springframework/spring-context/6.0.12/spring-context-6.0.12.jar:/root/.m2/repository/org/springframework/spring-aop/6.0.12/spring-aop-6.0.12.jar:/root/.m2/repository/org/springframework/spring-beans/6.0.12/spring-beans-6.0.12.jar:/root/.m2/repository/org/springframework/spring-expression/6.0.12/spring-expression-6.0.12.jar:/root/.m2/repository/org/springframework/boot/spring-boot-autoconfigure/3.1.4/spring-boot-autoconfigure-3.1.4.jar:/root/.m2/repository/org/springframework/boot/spring-boot-starter-logging/3.1.4/spring-boot-starter-logging-3.1.4.jar:/root/.m2/repository/ch/qos/logback/logback-classic/1.4.11/logback-classic-1.4.11.jar:/root/.m2/repository/ch/qos/logback/logback-core/1.4.11/logback-core-1.4.11.jar:/root/.m2/repository/org/slf4j/slf4j-api/2.0.7/slf4j-api-2.0.7.jar:/root/.m2/repository/org/apache/logging/log4j/log4j-to-slf4j/2.20.0/log4j-to-slf4j-2.20.0.jar:/root/.m2/repository/org/apache/logging/log4j/log4j-api/2.20.0/log4j-api-2.20.0.jar:/root/.m2/repository/org/slf4j/jul-to-slf4j/2.0.9/jul-to-slf4j-2.0.9.jar:/root/.m2/repository/jakarta/annotation/jakarta.annotation-api/2.1.1/jakarta.annotation-api-2.1.1.jar:/root/.m2/repository/org/springframework/spring-core/6.0.12/spring-core-6.0.12.jar:/root/.m2/repository/org/springframework/spring-jcl/6.0.12/spring-jcl-6.0.12.jar:/root/.m2/repository/org/yaml/snakeyaml/1.33/snakeyaml-1.33.jar:/root/.m2/repository/org/passay/passay/1.6.1/passay-1.6.1.jar:/root/.m2/repository/org/springframework/security/spring-security-crypto/6.1.4/spring-security-crypto-6.1.4.jar:/root/.m2/repository/commons-validator/commons-validator/1.7/commons-validator-1.7.jar:/root/.m2/repository/commons-beanutils/commons-beanutils/1.9.4/commons-beanutils-1.9.4.jar:/root/.m2/repository/commons-digester/commons-digester/2.1/commons-digester-2.1.jar:/root/.m2/repository/commons-logging/commons-logging/1.2/commons-logging-1.2.jar:/root/.m2/repository/commons-collections/commons-collections/3.2.2/commons-collections-3.2.2.jar:"/>
    <property name="java.vm.vendor" value="Oracle Corporation"/>
    <property name="sun.arch.data.model" value="64"/>
    <property name="java.vendor.url" value="https://java.oracle.com/"/>
    <property name="os.name" value="Linux"/>
    <property name="java.vm.specification.version" value="19"/>
    <property name="sun.java.launcher" value="SUN_STANDARD"/>
    <property name="sun.boot.library.path" value="/root/.sdkman/candidates/java/19-open/lib"/>
    <property name="sun.java.command" value="/root/Sadna/Gamazon/target/surefire/surefirebooter17263181907279078066.jar /root/Sadna/Gamazon/target/surefire 2025-05-01T21-42-17_400-jvmRun1 surefire7010774592072444883tmp surefire_07133875803501285420tmp"/>
    <property name="jdk.debug" value="release"/>
    <property name="surefire.test.class.path" value="/root/Sadna/Gamazon/target/test-classes:/root/Sadna/Gamazon/target/classes:/root/.m2/repository/org/mockito/mockito-junit-jupiter/5.5.0/mockito-junit-jupiter-5.5.0.jar:/root/.m2/repository/org/junit/jupiter/junit-jupiter-api/5.10.0/junit-jupiter-api-5.10.0.jar:/root/.m2/repository/org/opentest4j/opentest4j/1.3.0/opentest4j-1.3.0.jar:/root/.m2/repository/org/junit/platform/junit-platform-commons/1.10.0/junit-platform-commons-1.10.0.jar:/root/.m2/repository/org/apiguardian/apiguardian-api/1.1.2/apiguardian-api-1.1.2.jar:/root/.m2/repository/junit/junit/4.11/junit-4.11.jar:/root/.m2/repository/org/hamcrest/hamcrest-core/1.3/hamcrest-core-1.3.jar:/root/.m2/repository/org/mockito/mockito-core/3.12.4/mockito-core-3.12.4.jar:/root/.m2/repository/net/bytebuddy/byte-buddy/1.11.13/byte-buddy-1.11.13.jar:/root/.m2/repository/net/bytebuddy/byte-buddy-agent/1.11.13/byte-buddy-agent-1.11.13.jar:/root/.m2/repository/org/objenesis/objenesis/3.2/objenesis-3.2.jar:/root/.m2/repository/io/jsonwebtoken/jjwt-api/0.11.5/jjwt-api-0.11.5.jar:/root/.m2/repository/io/jsonwebtoken/jjwt-impl/0.11.5/jjwt-impl-0.11.5.jar:/root/.m2/repository/io/jsonwebtoken/jjwt-jackson/0.11.5/jjwt-jackson-0.11.5.jar:/root/.m2/repository/com/fasterxml/jackson/core/jackson-databind/2.12.6.1/jackson-databind-2.12.6.1.jar:/root/.m2/repository/com/fasterxml/jackson/core/jackson-annotations/2.12.6/jackson-annotations-2.12.6.jar:/root/.m2/repository/com/fasterxml/jackson/core/jackson-core/2.12.6/jackson-core-2.12.6.jar:/root/.m2/repository/org/springframework/boot/spring-boot-starter/3.1.4/spring-boot-starter-3.1.4.jar:/root/.m2/repository/org/springframework/boot/spring-boot/3.1.4/spring-boot-3.1.4.jar:/root/.m2/repository/org/springframework/spring-context/6.0.12/spring-context-6.0.12.jar:/root/.m2/repository/org/springframework/spring-aop/6.0.12/spring-aop-6.0.12.jar:/root/.m2/repository/org/springframework/spring-beans/6.0.12/spring-beans-6.0.12.jar:/root/.m2/repository/org/springframework/spring-expression/6.0.12/spring-expression-6.0.12.jar:/root/.m2/repository/org/springframework/boot/spring-boot-autoconfigure/3.1.4/spring-boot-autoconfigure-3.1.4.jar:/root/.m2/repository/org/springframework/boot/spring-boot-starter-logging/3.1.4/spring-boot-starter-logging-3.1.4.jar:/root/.m2/repository/ch/qos/logback/logback-classic/1.4.11/logback-classic-1.4.11.jar:/root/.m2/repository/ch/qos/logback/logback-core/1.4.11/logback-core-1.4.11.jar:/root/.m2/repository/org/slf4j/slf4j-api/2.0.7/slf4j-api-2.0.7.jar:/root/.m2/repository/org/apache/logging/log4j/log4j-to-slf4j/2.20.0/log4j-to-slf4j-2.20.0.jar:/root/.m2/repository/org/apache/logging/log4j/log4j-api/2.20.0/log4j-api-2.20.0.jar:/root/.m2/repository/org/slf4j/jul-to-slf4j/2.0.9/jul-to-slf4j-2.0.9.jar:/root/.m2/repository/jakarta/annotation/jakarta.annotation-api/2.1.1/jakarta.annotation-api-2.1.1.jar:/root/.m2/repository/org/springframework/spring-core/6.0.12/spring-core-6.0.12.jar:/root/.m2/repository/org/springframework/spring-jcl/6.0.12/spring-jcl-6.0.12.jar:/root/.m2/repository/org/yaml/snakeyaml/1.33/snakeyaml-1.33.jar:/root/.m2/repository/org/passay/passay/1.6.1/passay-1.6.1.jar:/root/.m2/repository/org/springframework/security/spring-security-crypto/6.1.4/spring-security-crypto-6.1.4.jar:/root/.m2/repository/commons-validator/commons-validator/1.7/commons-validator-1.7.jar:/root/.m2/repository/commons-beanutils/commons-beanutils/1.9.4/commons-beanutils-1.9.4.jar:/root/.m2/repository/commons-digester/commons-digester/2.1/commons-digester-2.1.jar:/root/.m2/repository/commons-logging/commons-logging/1.2/commons-logging-1.2.jar:/root/.m2/repository/commons-collections/commons-collections/3.2.2/commons-collections-3.2.2.jar:"/>
    <property name="sun.cpu.endian" value="little"/>
    <property name="user.home" value="/root"/>
    <property name="user.language" value="en"/>
    <property name="java.specification.vendor" value="Oracle Corporation"/>
    <property name="java.version.date" value="2022-09-20"/>
    <property name="java.home" value="/root/.sdkman/candidates/java/19-open"/>
    <property name="file.separator" value="/"/>
    <property name="basedir" value="/root/Sadna/Gamazon"/>
    <property name="java.vm.compressedOopsMode" value="32-bit"/>
    <property name="line.separator" value="&#10;"/>
    <property name="java.vm.specification.vendor" value="Oracle Corporation"/>
    <property name="java.specification.name" value="Java Platform API Specification"/>
    <property name="surefire.real.class.path" value="/root/Sadna/Gamazon/target/surefire/surefirebooter17263181907279078066.jar"/>
    <property name="sun.management.compiler" value="HotSpot 64-Bit Tiered Compilers"/>
    <property name="java.runtime.version" value="19+36-2238"/>
    <property name="user.name" value="root"/>
    <property name="stdout.encoding" value="UTF-8"/>
    <property name="path.separator" value=":"/>
    <property name="os.version" value="5.15.167.4-microsoft-standard-WSL2"/>
    <property name="java.runtime.name" value="OpenJDK Runtime Environment"/>
    <property name="file.encoding" value="UTF-8"/>
    <property name="java.vm.name" value="OpenJDK 64-Bit Server VM"/>
    <property name="localRepository" value="/root/.m2/repository"/>
    <property name="java.vendor.url.bug" value="https://bugreport.java.com/bugreport/"/>
    <property name="java.io.tmpdir" value="/tmp"/>
    <property name="java.version" value="19"/>
    <property name="user.dir" value="/root/Sadna/Gamazon"/>
    <property name="os.arch" value="amd64"/>
    <property name="java.vm.specification.name" value="Java Virtual Machine Specification"/>
    <property name="native.encoding" value="UTF-8"/>
    <property name="java.library.path" value="/usr/java/packages/lib:/usr/lib64:/lib64:/lib:/usr/lib"/>
    <property name="stderr.encoding" value="UTF-8"/>
    <property name="java.vm.info" value="mixed mode, sharing"/>
    <property name="java.vendor" value="Oracle Corporation"/>
    <property name="java.vm.version" value="19+36-2238"/>
    <property name="sun.io.unicode.encoding" value="UnicodeLittle"/>
    <property name="java.class.version" value="63.0"/>
  </properties>
  <testcase name="GivenClosedStore_WhenCloseStore_ThenReturnFalse" classname="StoreTests.StoreServiceTests" time="0.006">
    <error message="Cannot invoke &quot;java.lang.Boolean.booleanValue()&quot; because the return value of &quot;Application.utils.Response.getValue()&quot; is null" type="java.lang.NullPointerException">java.lang.NullPointerException: Cannot invoke "java.lang.Boolean.booleanValue()" because the return value of "Application.utils.Response.getValue()" is null
	at StoreTests.StoreServiceTests.GivenClosedStore_WhenCloseStore_ThenReturnFalse(StoreServiceTests.java:80)
</error>
  </testcase>
  <testcase name="GivenOpenStore_WhenCloseStore_ThenReturnTrue" classname="StoreTests.StoreServiceTests" time="0.001">
    <error message="Cannot invoke &quot;java.lang.Boolean.booleanValue()&quot; because the return value of &quot;Application.utils.Response.getValue()&quot; is null" type="java.lang.NullPointerException">java.lang.NullPointerException: Cannot invoke "java.lang.Boolean.booleanValue()" because the return value of "Application.utils.Response.getValue()" is null
	at StoreTests.StoreServiceTests.GivenOpenStore_WhenCloseStore_ThenReturnTrue(StoreServiceTests.java:70)
</error>
  </testcase>
  <testcase name="GivenExistingStoreName_WhenOpenStore_ThenReturnNull" classname="StoreTests.StoreServiceTests" time="0.002">
    <failure type="java.lang.AssertionError">java.lang.AssertionError
	at StoreTests.StoreServiceTests.GivenExistingStoreName_WhenOpenStore_ThenReturnNull(StoreServiceTests.java:40)
</failure>
  </testcase>
  <testcase name="GivenOpenStore_WhenOpenStore_ThenReturnFalse" classname="StoreTests.StoreServiceTests" time="0.001">
    <error message="Cannot invoke &quot;java.lang.Boolean.booleanValue()&quot; because the return value of &quot;Application.utils.Response.getValue()&quot; is null" type="java.lang.NullPointerException">java.lang.NullPointerException: Cannot invoke "java.lang.Boolean.booleanValue()" because the return value of "Application.utils.Response.getValue()" is null
	at StoreTests.StoreServiceTests.GivenOpenStore_WhenOpenStore_ThenReturnFalse(StoreServiceTests.java:61)
</error>
  </testcase>
  <testcase name="GivenClosedStore_WhenOpenStore_ThenReturnTrue" classname="StoreTests.StoreServiceTests" time="0">
    <error message="Cannot invoke &quot;Application.MarketService.closeStore(String, String)&quot; because &quot;this.marketService&quot; is null" type="java.lang.NullPointerException">java.lang.NullPointerException: Cannot invoke "Application.MarketService.closeStore(String, String)" because "this.marketService" is null
	at StoreTests.StoreServiceTests.GivenClosedStore_WhenOpenStore_ThenReturnTrue(StoreServiceTests.java:49)
</error>
  </testcase>
  <testcase name="GivenNewStore_WhenCreateStore_ThenReturnStore" classname="StoreTests.StoreServiceTests" time="0">
    <failure type="java.lang.AssertionError">java.lang.AssertionError
	at StoreTests.StoreServiceTests.GivenNewStore_WhenCreateStore_ThenReturnStore(StoreServiceTests.java:31)
</failure>
  </testcase>
</testsuite>